0 info it worked if it ends with ok
1 verbose cli [ '/Users/davis_chang/.nvm/versions/node/v6.9.1/bin/node',
1 verbose cli   '/Users/davis_chang/.nvm/versions/node/v6.9.1/bin/npm',
1 verbose cli   'install',
1 verbose cli   'react-progressive-media-loading',
1 verbose cli   '--save' ]
2 info using npm@3.10.8
3 info using node@v6.9.1
4 silly loadCurrentTree Starting
5 silly install loadCurrentTree
6 silly install readLocalPackageData
7 silly fetchPackageMetaData react-progressive-media-loading
8 silly fetchNamedPackageData react-progressive-media-loading
9 silly mapToRegistry name react-progressive-media-loading
10 silly mapToRegistry using default registry
11 silly mapToRegistry registry https://registry.npmjs.org/
12 silly mapToRegistry data Result {
12 silly mapToRegistry   raw: 'react-progressive-media-loading',
12 silly mapToRegistry   scope: null,
12 silly mapToRegistry   escapedName: 'react-progressive-media-loading',
12 silly mapToRegistry   name: 'react-progressive-media-loading',
12 silly mapToRegistry   rawSpec: '',
12 silly mapToRegistry   spec: 'latest',
12 silly mapToRegistry   type: 'tag' }
13 silly mapToRegistry uri https://registry.npmjs.org/react-progressive-media-loading
14 verbose request uri https://registry.npmjs.org/react-progressive-media-loading
15 verbose request no auth needed
16 info attempt registry request try #1 at 15:59:38
17 verbose request using bearer token for auth
18 verbose request id 4bea6d7df0ca4ba2
19 verbose etag W/"590d80c6-f0f"
20 verbose lastModified Sat, 06 May 2017 07:52:38 GMT
21 http request GET https://registry.npmjs.org/react-progressive-media-loading
22 http 304 https://registry.npmjs.org/react-progressive-media-loading
23 verbose headers { server: 'nginx/1.10.3',
23 verbose headers   'last-modified': 'Sat, 06 May 2017 07:52:38 GMT',
23 verbose headers   etag: '"590d80c6-f0f"',
23 verbose headers   'cache-control': 'max-age=300',
23 verbose headers   'accept-ranges': 'bytes',
23 verbose headers   date: 'Sat, 06 May 2017 07:59:38 GMT',
23 verbose headers   via: '1.1 varnish',
23 verbose headers   connection: 'keep-alive',
23 verbose headers   'x-served-by': 'cache-itm7421-ITM',
23 verbose headers   'x-cache': 'MISS',
23 verbose headers   'x-cache-hits': '0',
23 verbose headers   'x-timer': 'S1494057579.618767,VS0,VE135',
23 verbose headers   vary: 'Accept-Encoding' }
24 silly get cb [ 304,
24 silly get   { server: 'nginx/1.10.3',
24 silly get     'last-modified': 'Sat, 06 May 2017 07:52:38 GMT',
24 silly get     etag: '"590d80c6-f0f"',
24 silly get     'cache-control': 'max-age=300',
24 silly get     'accept-ranges': 'bytes',
24 silly get     date: 'Sat, 06 May 2017 07:59:38 GMT',
24 silly get     via: '1.1 varnish',
24 silly get     connection: 'keep-alive',
24 silly get     'x-served-by': 'cache-itm7421-ITM',
24 silly get     'x-cache': 'MISS',
24 silly get     'x-cache-hits': '0',
24 silly get     'x-timer': 'S1494057579.618767,VS0,VE135',
24 silly get     vary: 'Accept-Encoding' } ]
25 verbose etag https://registry.npmjs.org/react-progressive-media-loading from cache
26 verbose get saving react-progressive-media-loading to /Users/davis_chang/.npm/registry.npmjs.org/react-progressive-media-loading/.cache.json
27 verbose correctMkdir /Users/davis_chang/.npm correctMkdir not in flight; initializing
28 silly install normalizeTree
29 silly loadCurrentTree Finishing
30 silly loadIdealTree Starting
31 silly install loadIdealTree
32 silly cloneCurrentTree Starting
33 silly install cloneCurrentTreeToIdealTree
34 silly cloneCurrentTree Finishing
35 silly loadShrinkwrap Starting
36 silly install loadShrinkwrap
37 silly loadShrinkwrap Finishing
38 silly loadAllDepsIntoIdealTree Starting
39 silly install loadAllDepsIntoIdealTree
40 silly rollbackFailedOptional Starting
41 silly rollbackFailedOptional Finishing
42 silly runTopLevelLifecycles Finishing
43 silly install printInstalled
44 verbose stack Error: Refusing to install react-progressive-media-loading as a dependency of itself
44 verbose stack     at checkSelf (/Users/davis_chang/.nvm/versions/node/v6.9.1/lib/node_modules/npm/lib/install/validate-args.js:53:14)
44 verbose stack     at Array.<anonymous> (/Users/davis_chang/.nvm/versions/node/v6.9.1/lib/node_modules/npm/node_modules/slide/lib/bind-actor.js:15:8)
44 verbose stack     at LOOP (/Users/davis_chang/.nvm/versions/node/v6.9.1/lib/node_modules/npm/node_modules/slide/lib/chain.js:15:14)
44 verbose stack     at chain (/Users/davis_chang/.nvm/versions/node/v6.9.1/lib/node_modules/npm/node_modules/slide/lib/chain.js:20:5)
44 verbose stack     at /Users/davis_chang/.nvm/versions/node/v6.9.1/lib/node_modules/npm/lib/install/validate-args.js:16:5
44 verbose stack     at /Users/davis_chang/.nvm/versions/node/v6.9.1/lib/node_modules/npm/node_modules/slide/lib/async-map.js:52:35
44 verbose stack     at Array.forEach (native)
44 verbose stack     at /Users/davis_chang/.nvm/versions/node/v6.9.1/lib/node_modules/npm/node_modules/slide/lib/async-map.js:52:11
44 verbose stack     at Array.forEach (native)
44 verbose stack     at asyncMap (/Users/davis_chang/.nvm/versions/node/v6.9.1/lib/node_modules/npm/node_modules/slide/lib/async-map.js:51:8)
45 verbose cwd /Users/davis_chang/project/DavisChang/react-progressive-media-loading
46 error Darwin 16.5.0
47 error argv "/Users/davis_chang/.nvm/versions/node/v6.9.1/bin/node" "/Users/davis_chang/.nvm/versions/node/v6.9.1/bin/npm" "install" "react-progressive-media-loading" "--save"
48 error node v6.9.1
49 error npm  v3.10.8
50 error code ENOSELF
51 error Refusing to install react-progressive-media-loading as a dependency of itself
52 error If you need help, you may report this error at:
52 error     <https://github.com/npm/npm/issues>
53 verbose exit [ 1, true ]
